#
# There is insufficient memory for the Java Runtime Environment to continue.
# Native memory allocation (mmap) failed to map 132120576 bytes. Error detail: G1 virtual space
# Possible reasons:
#   The system is out of physical RAM or swap space
#   This process is running with CompressedOops enabled, and the Java Heap may be blocking the growth of the native heap
# Possible solutions:
#   Reduce memory load on the system
#   Increase physical memory or swap space
#   Check if swap backing store is full
#   Decrease Java heap size (-Xmx/-Xms)
#   Decrease number of Java threads
#   Decrease Java thread stack sizes (-Xss)
#   Set larger code cache with -XX:ReservedCodeCacheSize=
#   JVM is running with Unscaled Compressed Oops mode in which the Java heap is
#     placed in the first 4GB address space. The Java Heap base address is the
#     maximum limit for the native heap growth. Please use -XX:HeapBaseMinAddress
#     to set the Java Heap base and to place the Java Heap above 4GB virtual address.
# This output file may be truncated or incomplete.
#
#  Out of Memory Error (os_windows.cpp:3898), pid=17268, tid=5060
#
# JRE version:  (21.0.6+8) (build )
# Java VM: OpenJDK 64-Bit Server VM (21.0.6+8-b631.39, mixed mode, sharing, tiered, compressed oops, compressed class ptrs, g1 gc, windows-amd64)
# No core dump will be written. Minidumps are not enabled by default on client versions of Windows
#

---------------  S U M M A R Y ------------

Command Line: git4idea.http.GitAskPassApp Username for 'https://github.com': 

Host: Intel(R) Core(TM) i7-8565U CPU @ 1.80GHz, 8 cores, 7G,  Windows 11 , 64 bit Build 26100 (10.0.26100.3624)
Time: Wed Apr 23 15:05:18 2025 Myanmar Standard Time elapsed time: 1.251809 seconds (0d 0h 0m 1s)

---------------  T H R E A D  ---------------

Current thread (0x000002bd95a83ae0):  JavaThread "Unknown thread" [_thread_in_vm, id=5060, stack(0x000000e54ca00000,0x000000e54cb00000) (1024K)]

Stack: [0x000000e54ca00000,0x000000e54cb00000]
Native frames: (J=compiled Java code, j=interpreted, Vv=VM code, C=native code)
V  [jvm.dll+0x6e5d39]
V  [jvm.dll+0x8c4133]
V  [jvm.dll+0x8c668e]
V  [jvm.dll+0x8c6d73]
V  [jvm.dll+0x288f76]
V  [jvm.dll+0x6e25f5]
V  [jvm.dll+0x6d60aa]
V  [jvm.dll+0x3635bb]
V  [jvm.dll+0x36b186]
V  [jvm.dll+0x3bd4b6]
V  [jvm.dll+0x3bd788]
V  [jvm.dll+0x335d2c]
V  [jvm.dll+0x336a1b]
V  [jvm.dll+0x88b589]
V  [jvm.dll+0x3ca688]
V  [jvm.dll+0x874698]
V  [jvm.dll+0x45f04e]
V  [jvm.dll+0x460d31]
C  [jli.dll+0x52ab]
C  [ucrtbase.dll+0x37b0]
C  [KERNEL32.DLL+0x2e8d7]
C  [ntdll.dll+0xb14fc]


---------------  P R O C E S S  ---------------

Threads class SMR info:
_java_thread_list=0x00007ffd2860a148, length=0, elements={
}

Java Threads: ( => current thread )
Total: 0

Other Threads:
  0x000002bd97dcdee0 WorkerThread "GC Thread#0"                     [id=4244, stack(0x000000e54cb00000,0x000000e54cc00000) (1024K)]
  0x000002bd97ddeb90 ConcurrentGCThread "G1 Main Marker"            [id=5636, stack(0x000000e54cc00000,0x000000e54cd00000) (1024K)]
  0x000002bd97de10b0 WorkerThread "G1 Conc#0"                       [id=16560, stack(0x000000e54cd00000,0x000000e54ce00000) (1024K)]

[error occurred during error reporting (printing all threads), id 0xc0000005, EXCEPTION_ACCESS_VIOLATION (0xc0000005) at pc=0x00007ffd27cf8de7]
VM state: not at safepoint (not fully initialized)

VM Mutex/Monitor currently owned by a thread:  ([mutex/lock_event])
[0x00007ffd2867eb30] Heap_lock - owner thread: 0x000002bd95a83ae0

Heap address: 0x0000000083200000, size: 1998 MB, Compressed Oops mode: 32-bit

CDS archive(s) mapped at: [0x0000000000000000-0x0000000000000000-0x0000000000000000), size 0, SharedBaseAddress: 0x0000000800000000, ArchiveRelocationMode: 1.
Narrow klass base: 0x0000000000000000, Narrow klass shift: 0, Narrow klass range: 0x0

GC Precious Log:
 CardTable entry size: 512
 Card Set container configuration: InlinePtr #cards 5 size 8 Array Of Cards #cards 12 size 40 Howl #buckets 4 coarsen threshold 1843 Howl Bitmap #cards 512 size 80 coarsen threshold 460 Card regions per heap region 1 cards per card region 2048

Heap:
 garbage-first heap   total 0K, used 0K [0x0000000083200000, 0x0000000100000000)
  region size 1024K, 0 young (0K), 0 survivors (0K)
 Metaspace       used 0K, committed 0K, reserved 0K
  class space    used 0K, committed 0K, reserved 0K

Heap Regions: E=young(eden), S=young(survivor), O=old, HS=humongous(starts), HC=humongous(continues), CS=collection set, F=free, TAMS=top-at-mark-start, PB=parsable bottom

Card table byte_map: [0x000002bdab430000,0x000002bdab820000] _byte_map_base: 0x000002bdab017000

Marking Bits: (CMBitMap*) 0x000002bd97dce5e0
 Bits: [0x000002bdab820000, 0x000002bdad758000)

GC Heap History (0 events):
No events

Dll operation events (1 events):
Event: 0.016 Loaded shared library C:\Program Files\JetBrains\IntelliJ IDEA Community Edition 2024.3.5\jbr\bin\java.dll

Deoptimization events (0 events):
No events

Classes loaded (0 events):
No events

Classes unloaded (0 events):
No events

Classes redefined (0 events):
No events

Internal exceptions (0 events):
No events

ZGC Phase Switch (0 events):
No events

VM Operations (0 events):
No events

Memory protections (0 events):
No events

Nmethod flushes (0 events):
No events

Events (0 events):
No events


Dynamic libraries:
0x00007ff7eb530000 - 0x00007ff7eb53a000 	C:\Program Files\JetBrains\IntelliJ IDEA Community Edition 2024.3.5\jbr\bin\java.exe
0x00007ffd701c0000 - 0x00007ffd70420000 	C:\WINDOWS\SYSTEM32\ntdll.dll
0x00007ffd6eef0000 - 0x00007ffd6efb7000 	C:\WINDOWS\System32\KERNEL32.DLL
0x00007ffd6d7c0000 - 0x00007ffd6db8b000 	C:\WINDOWS\System32\KERNELBASE.dll
0x00007ffd6de70000 - 0x00007ffd6dfbb000 	C:\WINDOWS\System32\ucrtbase.dll
0x00007ffd614a0000 - 0x00007ffd614bb000 	C:\Program Files\JetBrains\IntelliJ IDEA Community Edition 2024.3.5\jbr\bin\VCRUNTIME140.dll
0x00007ffd55ba0000 - 0x00007ffd55bb8000 	C:\Program Files\JetBrains\IntelliJ IDEA Community Edition 2024.3.5\jbr\bin\jli.dll
0x00007ffd6efc0000 - 0x00007ffd6f18c000 	C:\WINDOWS\System32\USER32.dll
0x00007ffd57310000 - 0x00007ffd575a7000 	C:\WINDOWS\WinSxS\amd64_microsoft.windows.common-controls_6595b64144ccf1df_6.0.26100.3624_none_3e086962e3345f24\COMCTL32.dll
0x00007ffd6db90000 - 0x00007ffd6dbb7000 	C:\WINDOWS\System32\win32u.dll
0x00007ffd700c0000 - 0x00007ffd70169000 	C:\WINDOWS\System32\msvcrt.dll
0x00007ffd6fd80000 - 0x00007ffd6fdaa000 	C:\WINDOWS\System32\GDI32.dll
0x00007ffd6d3a0000 - 0x00007ffd6d4d1000 	C:\WINDOWS\System32\gdi32full.dll
0x00007ffd6dbc0000 - 0x00007ffd6dc63000 	C:\WINDOWS\System32\msvcp_win.dll
0x00007ffd6f1a0000 - 0x00007ffd6f1cf000 	C:\WINDOWS\System32\IMM32.DLL
0x00007ffd61a80000 - 0x00007ffd61a8c000 	C:\Program Files\JetBrains\IntelliJ IDEA Community Edition 2024.3.5\jbr\bin\vcruntime140_1.dll
0x00007ffd387e0000 - 0x00007ffd3886d000 	C:\Program Files\JetBrains\IntelliJ IDEA Community Edition 2024.3.5\jbr\bin\msvcp140.dll
0x00007ffd279b0000 - 0x00007ffd28771000 	C:\Program Files\JetBrains\IntelliJ IDEA Community Edition 2024.3.5\jbr\bin\server\jvm.dll
0x00007ffd6ee20000 - 0x00007ffd6eed3000 	C:\WINDOWS\System32\ADVAPI32.dll
0x00007ffd6e980000 - 0x00007ffd6ea26000 	C:\WINDOWS\System32\sechost.dll
0x00007ffd6ec10000 - 0x00007ffd6ed26000 	C:\WINDOWS\System32\RPCRT4.dll
0x00007ffd6dfe0000 - 0x00007ffd6e054000 	C:\WINDOWS\System32\WS2_32.dll
0x00007ffd6c380000 - 0x00007ffd6c3de000 	C:\WINDOWS\SYSTEM32\POWRPROF.dll
0x00007ffd5d170000 - 0x00007ffd5d1a6000 	C:\WINDOWS\SYSTEM32\WINMM.dll
0x00007ffd5f320000 - 0x00007ffd5f32b000 	C:\WINDOWS\SYSTEM32\VERSION.dll
0x00007ffd6c360000 - 0x00007ffd6c374000 	C:\WINDOWS\SYSTEM32\UMPDC.dll
0x00007ffd6c220000 - 0x00007ffd6c23a000 	C:\WINDOWS\SYSTEM32\kernel.appcore.dll
0x00007ffd61410000 - 0x00007ffd6141a000 	C:\Program Files\JetBrains\IntelliJ IDEA Community Edition 2024.3.5\jbr\bin\jimage.dll
0x00007ffd52bb0000 - 0x00007ffd52df1000 	C:\WINDOWS\SYSTEM32\DBGHELP.DLL
0x00007ffd6f9f0000 - 0x00007ffd6fd73000 	C:\WINDOWS\System32\combase.dll
0x00007ffd6f1e0000 - 0x00007ffd6f2b6000 	C:\WINDOWS\System32\OLEAUT32.dll
0x00007ffd52090000 - 0x00007ffd520c9000 	C:\WINDOWS\SYSTEM32\dbgcore.DLL
0x00007ffd6d5a0000 - 0x00007ffd6d639000 	C:\WINDOWS\System32\bcryptPrimitives.dll
0x00007ffd601b0000 - 0x00007ffd601d0000 	C:\Program Files\JetBrains\IntelliJ IDEA Community Edition 2024.3.5\jbr\bin\java.dll

dbghelp: loaded successfully - version: 4.0.5 - missing functions: none
symbol engine: initialized successfully - sym options: 0x614 - pdb path: .;C:\Program Files\JetBrains\IntelliJ IDEA Community Edition 2024.3.5\jbr\bin;C:\WINDOWS\SYSTEM32;C:\WINDOWS\WinSxS\amd64_microsoft.windows.common-controls_6595b64144ccf1df_6.0.26100.3624_none_3e086962e3345f24;C:\Program Files\JetBrains\IntelliJ IDEA Community Edition 2024.3.5\jbr\bin\server

VM Arguments:
java_command: git4idea.http.GitAskPassApp Username for 'https://github.com': 
java_class_path (initial): C:/Program Files/JetBrains/IntelliJ IDEA Community Edition 2024.3.5/plugins/vcs-git/lib/git4idea-rt.jar;C:/Program Files/JetBrains/IntelliJ IDEA Community Edition 2024.3.5/lib/externalProcess-rt.jar
Launcher Type: SUN_STANDARD

[Global flags]
     intx CICompilerCount                          = 4                                         {product} {ergonomic}
     uint ConcGCThreads                            = 2                                         {product} {ergonomic}
     uint G1ConcRefinementThreads                  = 8                                         {product} {ergonomic}
   size_t G1HeapRegionSize                         = 1048576                                   {product} {ergonomic}
    uintx GCDrainStackTargetSize                   = 64                                        {product} {ergonomic}
   size_t InitialHeapSize                          = 132120576                                 {product} {ergonomic}
   size_t MarkStackSize                            = 4194304                                   {product} {ergonomic}
   size_t MaxHeapSize                              = 2095054848                                {product} {ergonomic}
   size_t MinHeapDeltaBytes                        = 1048576                                   {product} {ergonomic}
   size_t MinHeapSize                              = 8388608                                   {product} {ergonomic}
    uintx NonNMethodCodeHeapSize                   = 5839372                                {pd product} {ergonomic}
    uintx NonProfiledCodeHeapSize                  = 122909434                              {pd product} {ergonomic}
    uintx ProfiledCodeHeapSize                     = 122909434                              {pd product} {ergonomic}
    uintx ReservedCodeCacheSize                    = 251658240                              {pd product} {ergonomic}
     bool SegmentedCodeCache                       = true                                      {product} {ergonomic}
   size_t SoftMaxHeapSize                          = 2095054848                             {manageable} {ergonomic}
     bool UseCompressedOops                        = true                           {product lp64_product} {ergonomic}
     bool UseG1GC                                  = true                                      {product} {ergonomic}
     bool UseLargePagesIndividualAllocation        = false                                  {pd product} {ergonomic}

Logging:
Log output configuration:
 #0: stdout all=warning uptime,level,tags foldmultilines=false
 #1: stderr all=off uptime,level,tags foldmultilines=false

Environment Variables:
JAVA_HOME=C:\Program Files\Java\jdk-19
CLASSPATH=D:\J2SE\classes\mysql-connector-java-8.0.27.jar;.;D:\apache-tomcat-9.0.89-windows-x64\apache-tomcat-9.0.89\lib\servlet-api.jar;
PATH=C:\Program Files\Git\mingw64\libexec\git-core;C:\Program Files\Git\mingw64\libexec\git-core;C:\Program Files\Git\mingw64\bin;C:\Program Files\Git\usr\bin;C:\Users\kayti\bin;C:\Users\kayti\AppData\Local\Programs\cursor\resources\app\bin;C:\Program Files\Common Files\Oracle\Java\javapath;C:\WINDOWS\system32;C:\WINDOWS;C:\WINDOWS\System32\Wbem;C:\WINDOWS\System32\WindowsPowerShell\v1.0;C:\WINDOWS\System32\OpenSSH;C:\Program Files\dotnet;C:\Program Files\Java\jdk-19\bin;C:\Program Files\Git\cmd;C:\Users\kayti\AppData\Local\Microsoft\WindowsApps;%SystemRoot%\system32;%SystemRoot%;%SystemRoot%\System32\Wbem;%SYSTEMROOT%\System32\WindowsPowerShell\v1.0;%SYSTEMROOT%\System32\OpenSSH;C:\Users\kayti\AppData\Local\Microsoft\WindowsApps;C:\Users\kayti\AppData\Local\Programs\Microsoft VS Code\bin;D:\IT\Windsurf\bin;C:\Users\kayti\AppData\Local\GitHubDesktop\bin
USERNAME=ASUS
DISPLAY=:0.0
LC_ALL=en_US.UTF-8
TERM=xterm-256color
TMPDIR=C:\Users\kayti\AppData\Local\Temp
OS=Windows_NT
PROCESSOR_IDENTIFIER=Intel64 Family 6 Model 142 Stepping 11, GenuineIntel
TMP=C:\Users\kayti\AppData\Local\Temp
TEMP=C:\Users\kayti\AppData\Local\Temp




Periodic native trim disabled

JNI global refs:
JNI global refs: 0, weak refs: 0

JNI global refs memory usage: 0, weak refs: 0

Process memory usage:
Resident Set Size: 12924K (0% of 8182512K total physical memory with 1298008K free physical memory)

OOME stack traces (most recent first):
Classloader memory used:

---------------  S Y S T E M  ---------------

OS:
 Windows 11 , 64 bit Build 26100 (10.0.26100.3624)
OS uptime: 2 days 23:23 hours

CPU: total 8 (initial active 8) (4 cores per cpu, 2 threads per core) family 6 model 142 stepping 11 microcode 0xde, cx8, cmov, fxsr, ht, mmx, 3dnowpref, sse, sse2, sse3, ssse3, sse4.1, sse4.2, popcnt, lzcnt, tsc, tscinvbit, avx, avx2, aes, erms, clmul, bmi1, bmi2, adx, fma, vzeroupper, clflush, clflushopt, rdtscp, f16c
Processor Information for processor 0
  Max Mhz: 1992, Current Mhz: 1494, Mhz Limit: 1792
Processor Information for processor 1
  Max Mhz: 1992, Current Mhz: 1494, Mhz Limit: 1792
Processor Information for processor 2
  Max Mhz: 1992, Current Mhz: 1494, Mhz Limit: 1792
Processor Information for processor 3
  Max Mhz: 1992, Current Mhz: 1494, Mhz Limit: 1792
Processor Information for processor 4
  Max Mhz: 1992, Current Mhz: 1494, Mhz Limit: 1792
Processor Information for processor 5
  Max Mhz: 1992, Current Mhz: 1494, Mhz Limit: 1792
Processor Information for processor 6
  Max Mhz: 1992, Current Mhz: 1792, Mhz Limit: 1792
Processor Information for processor 7
  Max Mhz: 1992, Current Mhz: 1494, Mhz Limit: 1792

Memory: 4k page, system-wide physical 7990M (1267M free)
TotalPageFile size 10038M (AvailPageFile size 93M)
current process WorkingSet (physical memory assigned to process): 12M, peak: 12M
current process commit charge ("private bytes"): 60M, peak: 186M

vm_info: OpenJDK 64-Bit Server VM (21.0.6+8-b631.39) for windows-amd64 JRE (21.0.6+8-b631.39), built on 2025-02-04 by "builduser" with MS VC++ 16.10 / 16.11 (VS2019)

END.
