#
# There is insufficient memory for the Java Runtime Environment to continue.
# Native memory allocation (mmap) failed to map 65536 bytes. Error detail: Failed to commit metaspace.
# Possible reasons:
#   The system is out of physical RAM or swap space
#   This process is running with CompressedOops enabled, and the Java Heap may be blocking the growth of the native heap
# Possible solutions:
#   Reduce memory load on the system
#   Increase physical memory or swap space
#   Check if swap backing store is full
#   Decrease Java heap size (-Xmx/-Xms)
#   Decrease number of Java threads
#   Decrease Java thread stack sizes (-Xss)
#   Set larger code cache with -XX:ReservedCodeCacheSize=
#   JVM is running with Unscaled Compressed Oops mode in which the Java heap is
#     placed in the first 4GB address space. The Java Heap base address is the
#     maximum limit for the native heap growth. Please use -XX:HeapBaseMinAddress
#     to set the Java Heap base and to place the Java Heap above 4GB virtual address.
# This output file may be truncated or incomplete.
#
#  Out of Memory Error (virtualSpaceNode.cpp:113), pid=12088, tid=12464
#
# JRE version: OpenJDK Runtime Environment JBR-21.0.6+8-631.39-jcef (21.0.6+8) (build 21.0.6+8-b631.39)
# Java VM: OpenJDK 64-Bit Server VM JBR-21.0.6+8-631.39-jcef (21.0.6+8-b631.39, mixed mode, tiered, compressed oops, compressed class ptrs, g1 gc, windows-amd64)
# No core dump will be written. Minidumps are not enabled by default on client versions of Windows
#

---------------  S U M M A R Y ------------

Command Line: git4idea.http.GitAskPassApp Username for 'https://github.com': 

Host: Intel(R) Core(TM) i7-8565U CPU @ 1.80GHz, 8 cores, 7G,  Windows 11 , 64 bit Build 26100 (10.0.26100.3624)
Time: Wed Apr 23 15:05:46 2025 Myanmar Standard Time elapsed time: 10.024038 seconds (0d 0h 0m 10s)

---------------  T H R E A D  ---------------

Current thread (0x000001c5fcea5930):  JavaThread "main"             [_thread_in_vm, id=12464, stack(0x000000431fd00000,0x000000431fe00000) (1024K)]

Stack: [0x000000431fd00000,0x000000431fe00000]
Native frames: (J=compiled Java code, j=interpreted, Vv=VM code, C=native code)
V  [jvm.dll+0x6e5d39]
V  [jvm.dll+0x8c4133]
V  [jvm.dll+0x8c668e]
V  [jvm.dll+0x8c6d73]
V  [jvm.dll+0x288f76]
V  [jvm.dll+0x8bef7e]
V  [jvm.dll+0x686a35]
V  [jvm.dll+0x686a9a]
V  [jvm.dll+0x6892b6]
V  [jvm.dll+0x689182]
V  [jvm.dll+0x6873ee]
V  [jvm.dll+0x698a0a]
V  [jvm.dll+0x691992]
V  [jvm.dll+0x24c8f1]
V  [jvm.dll+0x24ca64]
V  [jvm.dll+0x3e4e1c]
V  [jvm.dll+0x3e4c0d]
C  0x000001c58b40bd6d

The last pc belongs to method entry point (kind = zerolocals) (printed below).
Java frames: (J=compiled Java code, j=interpreted, Vv=VM code)
j  java.nio.file.Files$AcceptAllFilter.accept(Ljava/lang/Object;)Z+0 java.base@21.0.6
j  sun.nio.fs.WindowsDirectoryStream$WindowsDirectoryIterator.acceptEntry(Ljava/lang/String;Ljava/nio/file/attribute/BasicFileAttributes;)Ljava/nio/file/Path;+44 java.base@21.0.6
j  sun.nio.fs.WindowsDirectoryStream$WindowsDirectoryIterator.readNextEntry()Ljava/nio/file/Path;+179 java.base@21.0.6
j  sun.nio.fs.WindowsDirectoryStream$WindowsDirectoryIterator.hasNext()Z+16 java.base@21.0.6
j  sun.security.provider.SeedGenerator$1.run()Ljava/lang/Void;+114 java.base@21.0.6
j  sun.security.provider.SeedGenerator$1.run()Ljava/lang/Object;+1 java.base@21.0.6
j  java.security.AccessController.executePrivileged(Ljava/security/PrivilegedAction;Ljava/security/AccessControlContext;Ljava/lang/Class;)Ljava/lang/Object;+29 java.base@21.0.6
j  java.security.AccessController.doPrivileged(Ljava/security/PrivilegedAction;)Ljava/lang/Object;+5 java.base@21.0.6
j  sun.security.provider.SeedGenerator.getSystemEntropy()[B+40 java.base@21.0.6
j  sun.security.provider.AbstractDrbg$SeederHolder.<clinit>()V+28 java.base@21.0.6
v  ~StubRoutines::call_stub 0x000001c58b40100d
j  sun.security.provider.AbstractDrbg.getEntropyInput(IIIZ)[B+87 java.base@21.0.6
j  sun.security.provider.AbstractDrbg.getEntropyInput(Z)[B+14 java.base@21.0.6
j  sun.security.provider.AbstractDrbg.instantiateIfNecessary([B)V+16 java.base@21.0.6
j  sun.security.provider.AbstractDrbg.engineNextBytes([BLjava/security/SecureRandomParameters;)V+157 java.base@21.0.6
j  sun.security.provider.AbstractDrbg.engineNextBytes([B)V+11 java.base@21.0.6
j  sun.security.provider.DRBG.engineNextBytes([B)V+5 java.base@21.0.6
j  java.security.SecureRandom.nextBytes([B)V+17 java.base@21.0.6
j  java.security.SecureRandom.next(I)I+17 java.base@21.0.6
j  java.util.Random.nextInt()I+3 java.base@21.0.6
j  sun.security.ssl.SSLContextImpl.engineInit([Ljavax/net/ssl/KeyManager;[Ljavax/net/ssl/TrustManager;Ljava/security/SecureRandom;)V+98 java.base@21.0.6
j  javax.net.ssl.SSLContext.init([Ljavax/net/ssl/KeyManager;[Ljavax/net/ssl/TrustManager;Ljava/security/SecureRandom;)V+7 java.base@21.0.6
j  externalApp.ExternalAppUtil.sendIdeRequest(Ljava/lang/String;ILjava/lang/String;Ljava/lang/String;)LexternalApp/ExternalAppUtil$Result;+45
j  git4idea.http.GitAskPassApp.main([Ljava/lang/String;)V+37
v  ~StubRoutines::call_stub 0x000001c58b40100d
method entry point (kind = zerolocals)  [0x000001c58b40ba00, 0x000001c58b40bdc0]  960 bytes
[MachCode]
  0x000001c58b40ba00: 488b 5308 | 0fb7 4a2e | 0fb7 522c | 2bd1 81fa | f501 0000 | 0f86 2500 | 0000 488b | c248 c1e0 
  0x000001c58b40ba20: 0348 83c0 | 5849 0387 | c804 0000 | 483b e00f | 870a 0000 | 0058 498b | e550 e941 | acff ff58 
  0x000001c58b40ba40: 4c8d 74cc | f885 d20f | 8e09 0000 | 0068 0000 | 0000 ffca | 7ff7 5055 | 488b ec41 | 5568 0000 
  0x000001c58b40ba60: 0000 4c8b | 6b08 4d8d | 6d38 5348 | 8b53 0848 | 8b52 0848 | 8b52 1848 | 8b52 7048 | 8b12 5248 
  0x000001c58b40ba80: 8b53 1048 | 85d2 0f84 | 0700 0000 | 4881 c208 | 0100 0052 | 488b 5308 | 488b 5208 | 488b 5210 
  0x000001c58b40baa0: 5249 8bc6 | 482b c548 | c1e8 0350 | 4155 6800 | 0000 0048 | 8924 2441 | c687 7104 | 0000 0148 
  0x000001c58b40bac0: 8b45 d848 | 85c0 0f84 | 8800 0000 | 8b48 fc85 | c90f 887d | 0000 0048 | 03c1 488b | 4808 4883 
  0x000001c58b40bae0: e902 488b | 54c8 1048 | f7da 498b | 14d6 4885 | d275 10f6 | 44c8 1801 | 7554 f048 | 834c c818 
  0x000001c58b40bb00: 01eb 4b8b | 5208 48c1 | e203 4c8b | d248 3354 | c818 48f7 | c2fc ffff | ff74 33f6 | c202 752e 
  0x000001c58b40bb20: 4883 7cc8 | 1800 7421 | 4883 7cc8 | 1801 7419 | 498b d248 | 3354 c818 | 48f7 c2fc | ffff ff74 
  0x000001c58b40bb40: 0d48 834c | c818 02eb | 0548 8954 | c818 4883 | e902 798e | 488b 4310 | 4885 c074 | 208b 88cc 
  0x000001c58b40bb60: 0000 0083 | c102 8988 | cc00 0000 | 2388 e000 | 0000 0f84 | 9601 0000 | e9cf 0000 | 0048 8b43 
  0x000001c58b40bb80: 1848 85c0 | 0f85 b000 | 0000 e805 | 0000 00e9 | 9900 0000 | 488b d348 | 8d44 2408 | 4c89 6dc0 
  0x000001c58b40bba0: 498b cfc5 | f877 4989 | afa8 0300 | 0049 8987 | 9803 0000 | 4883 ec20 | 40f6 c40f | 0f84 1900 
  0x000001c58b40bbc0: 0000 4883 | ec08 48b8 | 4041 d927 | fd7f 0000 | ffd0 4883 | c408 e90c | 0000 0048 | b840 41d9 
  0x000001c58b40bbe0: 27fd 7f00 | 00ff d048 | 83c4 2049 | c787 9803 | 0000 0000 | 0000 49c7 | 87a8 0300 | 0000 0000 
  0x000001c58b40bc00: 0049 c787 | a003 0000 | 0000 0000 | c5f8 7749 | 837f 0800 | 0f84 0500 | 0000 e9e1 | 52ff ff4c 
  0x000001c58b40bc20: 8b6d c04c | 8b75 c84e | 8d74 f500 | c348 8b43 | 1848 85c0 | 0f84 1200 | 0000 8b48 | 0883 c102 
  0x000001c58b40bc40: 8948 0823 | 481c 0f84 | c200 0000 | 493b a7e0 | 0400 000f | 8748 0000 | 0089 8424 | 00f0 ffff 
  0x000001c58b40bc60: 8984 2400 | e0ff ff89 | 8424 00d0 | ffff 8984 | 2400 c0ff | ff89 8424 | 00b0 ffff | 8984 2400 
  0x000001c58b40bc80: a0ff ff89 | 8424 0090 | ffff 8984 | 2400 80ff | ff49 3ba7 | d804 0000 | 7607 4989 | a7e0 0400 
  0x000001c58b40bca0: 0041 c687 | 7104 0000 | 0049 baf6 | 5d66 28fd | 7f00 0041 | 803a 000f | 843e 0000 | 0048 8b55 
  0x000001c58b40bcc0: e849 8bcf | 4883 ec20 | 40f6 c40f | 0f84 1900 | 0000 4883 | ec08 48b8 | 50d2 0f28 | fd7f 0000 
  0x000001c58b40bce0: ffd0 4883 | c408 e90c | 0000 0048 | b850 d20f | 28fd 7f00 | 00ff d048 | 83c4 2041 | 0fb6 5d00 
  0x000001c58b40bd00: 49ba c030 | 6928 fd7f | 0000 41ff | 24da ba00 | 0000 00e8 | 0500 0000 | e996 0000 | 0048 8d44 
  0x000001c58b40bd20: 2408 4c89 | 6dc0 498b | cfc5 f877 | 4989 afa8 | 0300 0049 | 8987 9803 | 0000 4883 | ec20 40f6 
  0x000001c58b40bd40: c40f 0f84 | 1900 0000 | 4883 ec08 | 48b8 f04b | d927 fd7f | 0000 ffd0 | 4883 c408 | e90c 0000 
  0x000001c58b40bd60: 0048 b8f0 | 4bd9 27fd | 7f00 00ff | d048 83c4 | 2049 c787 | 9803 0000 | 0000 0000 | 49c7 87a8 
  0x000001c58b40bd80: 0300 0000 | 0000 0049 | c787 a003 | 0000 0000 | 0000 c5f8 | 7749 837f | 0800 0f84 | 0500 0000 
  0x000001c58b40bda0: e95b 51ff | ff4c 8b6d | c04c 8b75 | c84e 8d74 | f500 c348 | 8b5d e8e9 | 90fe ffff | 0f1f 4000 
[/MachCode]

---------------  P R O C E S S  ---------------

Threads class SMR info:
_java_thread_list=0x000001c597bd6f90, length=11, elements={
0x000001c5fcea5930, 0x000001c5979fa0a0, 0x000001c5979fb660, 0x000001c597a4d940,
0x000001c597a4e770, 0x000001c597a4f1c0, 0x000001c597a53740, 0x000001c597a540d0,
0x000001c597a3ca10, 0x000001c597bf4370, 0x000001c597bf53b0
}

Java Threads: ( => current thread )
=>0x000001c5fcea5930 JavaThread "main"                              [_thread_in_vm, id=12464, stack(0x000000431fd00000,0x000000431fe00000) (1024K)]
  0x000001c5979fa0a0 JavaThread "Reference Handler"          daemon [_thread_blocked, id=4912, stack(0x0000004320500000,0x0000004320600000) (1024K)]
  0x000001c5979fb660 JavaThread "Finalizer"                  daemon [_thread_blocked, id=15756, stack(0x0000004320600000,0x0000004320700000) (1024K)]
  0x000001c597a4d940 JavaThread "Signal Dispatcher"          daemon [_thread_blocked, id=11816, stack(0x0000004320700000,0x0000004320800000) (1024K)]
  0x000001c597a4e770 JavaThread "Attach Listener"            daemon [_thread_blocked, id=12992, stack(0x0000004320800000,0x0000004320900000) (1024K)]
  0x000001c597a4f1c0 JavaThread "Service Thread"             daemon [_thread_blocked, id=3812, stack(0x0000004320900000,0x0000004320a00000) (1024K)]
  0x000001c597a53740 JavaThread "Monitor Deflation Thread"   daemon [_thread_blocked, id=1688, stack(0x0000004320a00000,0x0000004320b00000) (1024K)]
  0x000001c597a540d0 JavaThread "C2 CompilerThread0"         daemon [_thread_blocked, id=11648, stack(0x0000004320b00000,0x0000004320c00000) (1024K)]
  0x000001c597a3ca10 JavaThread "C1 CompilerThread0"         daemon [_thread_blocked, id=1452, stack(0x0000004320c00000,0x0000004320d00000) (1024K)]
  0x000001c597bf4370 JavaThread "Notification Thread"        daemon [_thread_blocked, id=8312, stack(0x0000004320d00000,0x0000004320e00000) (1024K)]
  0x000001c597bf53b0 JavaThread "Common-Cleaner"             daemon [_thread_blocked, id=9360, stack(0x0000004320e00000,0x0000004320f00000) (1024K)]
Total: 11

Other Threads:
  0x000001c597851080 VMThread "VM Thread"                           [id=4216, stack(0x0000004320400000,0x0000004320500000) (1024K)] _threads_hazard_ptr=0x000001c597bd6f90
  0x000001c5978044e0 WatcherThread "VM Periodic Task Thread"        [id=17912, stack(0x0000004320300000,0x0000004320400000) (1024K)]
  0x000001c5ff37efd0 WorkerThread "GC Thread#0"                     [id=13928, stack(0x000000431fe00000,0x000000431ff00000) (1024K)]
  0x000001c5ff3907f0 ConcurrentGCThread "G1 Main Marker"            [id=17876, stack(0x000000431ff00000,0x0000004320000000) (1024K)]
  0x000001c5ff3912f0 WorkerThread "G1 Conc#0"                       [id=2292, stack(0x0000004320000000,0x0000004320100000) (1024K)]
  0x000001c5976cf150 ConcurrentGCThread "G1 Refine#0"               [id=11996, stack(0x0000004320100000,0x0000004320200000) (1024K)]
  0x000001c5976cf970 ConcurrentGCThread "G1 Service"                [id=14436, stack(0x0000004320200000,0x0000004320300000) (1024K)]
Total: 7

Threads with active compile tasks:
Total: 0

VM state: synchronizing (normal execution)

VM Mutex/Monitor currently owned by a thread:  ([mutex/lock_event])
[0x00007ffd2867c830] Metaspace_lock - owner thread: 0x000001c5fcea5930
[0x00007ffd2867ea30] Threads_lock - owner thread: 0x000001c597851080

Heap address: 0x0000000083200000, size: 1998 MB, Compressed Oops mode: 32-bit

CDS archive(s) not mapped
Compressed class space mapped at: 0x0000000100000000-0x0000000140000000, reserved size: 1073741824
Narrow klass base: 0x0000000000000000, Narrow klass shift: 3, Narrow klass range: 0x140000000

GC Precious Log:
 CardTable entry size: 512
 Card Set container configuration: InlinePtr #cards 5 size 8 Array Of Cards #cards 12 size 40 Howl #buckets 4 coarsen threshold 1843 Howl Bitmap #cards 512 size 80 coarsen threshold 460 Card regions per heap region 1 cards per card region 2048
 CPUs: 8 total, 8 available
 Memory: 7990M
 Large Page Support: Disabled
 NUMA Support: Disabled
 Compressed Oops: Enabled (32-bit)
 Heap Region Size: 1M
 Heap Min Capacity: 8M
 Heap Initial Capacity: 126M
 Heap Max Capacity: 1998M
 Pre-touch: Disabled
 Parallel Workers: 8
 Concurrent Workers: 2
 Concurrent Refinement Workers: 8
 Periodic GC: Disabled

Heap:
 garbage-first heap   total 129024K, used 4096K [0x0000000083200000, 0x0000000100000000)
  region size 1024K, 5 young (5120K), 0 survivors (0K)
 Metaspace       used 10877K, committed 11008K, reserved 1114112K
  class space    used 928K, committed 1024K, reserved 1048576K

Heap Regions: E=young(eden), S=young(survivor), O=old, HS=humongous(starts), HC=humongous(continues), CS=collection set, F=free, TAMS=top-at-mark-start, PB=parsable bottom
|   0|0x0000000083200000, 0x0000000083200000, 0x0000000083300000|  0%| F|  |TAMS 0x0000000083200000| PB 0x0000000083200000| Untracked 
|   1|0x0000000083300000, 0x0000000083300000, 0x0000000083400000|  0%| F|  |TAMS 0x0000000083300000| PB 0x0000000083300000| Untracked 
|   2|0x0000000083400000, 0x0000000083400000, 0x0000000083500000|  0%| F|  |TAMS 0x0000000083400000| PB 0x0000000083400000| Untracked 
|   3|0x0000000083500000, 0x0000000083500000, 0x0000000083600000|  0%| F|  |TAMS 0x0000000083500000| PB 0x0000000083500000| Untracked 
|   4|0x0000000083600000, 0x0000000083600000, 0x0000000083700000|  0%| F|  |TAMS 0x0000000083600000| PB 0x0000000083600000| Untracked 
|   5|0x0000000083700000, 0x0000000083700000, 0x0000000083800000|  0%| F|  |TAMS 0x0000000083700000| PB 0x0000000083700000| Untracked 
|   6|0x0000000083800000, 0x0000000083800000, 0x0000000083900000|  0%| F|  |TAMS 0x0000000083800000| PB 0x0000000083800000| Untracked 
|   7|0x0000000083900000, 0x0000000083900000, 0x0000000083a00000|  0%| F|  |TAMS 0x0000000083900000| PB 0x0000000083900000| Untracked 
|   8|0x0000000083a00000, 0x0000000083a00000, 0x0000000083b00000|  0%| F|  |TAMS 0x0000000083a00000| PB 0x0000000083a00000| Untracked 
|   9|0x0000000083b00000, 0x0000000083b00000, 0x0000000083c00000|  0%| F|  |TAMS 0x0000000083b00000| PB 0x0000000083b00000| Untracked 
|  10|0x0000000083c00000, 0x0000000083c00000, 0x0000000083d00000|  0%| F|  |TAMS 0x0000000083c00000| PB 0x0000000083c00000| Untracked 
|  11|0x0000000083d00000, 0x0000000083d00000, 0x0000000083e00000|  0%| F|  |TAMS 0x0000000083d00000| PB 0x0000000083d00000| Untracked 
|  12|0x0000000083e00000, 0x0000000083e00000, 0x0000000083f00000|  0%| F|  |TAMS 0x0000000083e00000| PB 0x0000000083e00000| Untracked 
|  13|0x0000000083f00000, 0x0000000083f00000, 0x0000000084000000|  0%| F|  |TAMS 0x0000000083f00000| PB 0x0000000083f00000| Untracked 
|  14|0x0000000084000000, 0x0000000084000000, 0x0000000084100000|  0%| F|  |TAMS 0x0000000084000000| PB 0x0000000084000000| Untracked 
|  15|0x0000000084100000, 0x0000000084100000, 0x0000000084200000|  0%| F|  |TAMS 0x0000000084100000| PB 0x0000000084100000| Untracked 
|  16|0x0000000084200000, 0x0000000084200000, 0x0000000084300000|  0%| F|  |TAMS 0x0000000084200000| PB 0x0000000084200000| Untracked 
|  17|0x0000000084300000, 0x0000000084300000, 0x0000000084400000|  0%| F|  |TAMS 0x0000000084300000| PB 0x0000000084300000| Untracked 
|  18|0x0000000084400000, 0x0000000084400000, 0x0000000084500000|  0%| F|  |TAMS 0x0000000084400000| PB 0x0000000084400000| Untracked 
|  19|0x0000000084500000, 0x0000000084500000, 0x0000000084600000|  0%| F|  |TAMS 0x0000000084500000| PB 0x0000000084500000| Untracked 
|  20|0x0000000084600000, 0x0000000084600000, 0x0000000084700000|  0%| F|  |TAMS 0x0000000084600000| PB 0x0000000084600000| Untracked 
|  21|0x0000000084700000, 0x0000000084700000, 0x0000000084800000|  0%| F|  |TAMS 0x0000000084700000| PB 0x0000000084700000| Untracked 
|  22|0x0000000084800000, 0x0000000084800000, 0x0000000084900000|  0%| F|  |TAMS 0x0000000084800000| PB 0x0000000084800000| Untracked 
|  23|0x0000000084900000, 0x0000000084900000, 0x0000000084a00000|  0%| F|  |TAMS 0x0000000084900000| PB 0x0000000084900000| Untracked 
|  24|0x0000000084a00000, 0x0000000084a00000, 0x0000000084b00000|  0%| F|  |TAMS 0x0000000084a00000| PB 0x0000000084a00000| Untracked 
|  25|0x0000000084b00000, 0x0000000084b00000, 0x0000000084c00000|  0%| F|  |TAMS 0x0000000084b00000| PB 0x0000000084b00000| Untracked 
|  26|0x0000000084c00000, 0x0000000084c00000, 0x0000000084d00000|  0%| F|  |TAMS 0x0000000084c00000| PB 0x0000000084c00000| Untracked 
|  27|0x0000000084d00000, 0x0000000084d00000, 0x0000000084e00000|  0%| F|  |TAMS 0x0000000084d00000| PB 0x0000000084d00000| Untracked 
|  28|0x0000000084e00000, 0x0000000084e00000, 0x0000000084f00000|  0%| F|  |TAMS 0x0000000084e00000| PB 0x0000000084e00000| Untracked 
|  29|0x0000000084f00000, 0x0000000084f00000, 0x0000000085000000|  0%| F|  |TAMS 0x0000000084f00000| PB 0x0000000084f00000| Untracked 
|  30|0x0000000085000000, 0x0000000085000000, 0x0000000085100000|  0%| F|  |TAMS 0x0000000085000000| PB 0x0000000085000000| Untracked 
|  31|0x0000000085100000, 0x0000000085100000, 0x0000000085200000|  0%| F|  |TAMS 0x0000000085100000| PB 0x0000000085100000| Untracked 
|  32|0x0000000085200000, 0x0000000085200000, 0x0000000085300000|  0%| F|  |TAMS 0x0000000085200000| PB 0x0000000085200000| Untracked 
|  33|0x0000000085300000, 0x0000000085300000, 0x0000000085400000|  0%| F|  |TAMS 0x0000000085300000| PB 0x0000000085300000| Untracked 
|  34|0x0000000085400000, 0x0000000085400000, 0x0000000085500000|  0%| F|  |TAMS 0x0000000085400000| PB 0x0000000085400000| Untracked 
|  35|0x0000000085500000, 0x0000000085500000, 0x0000000085600000|  0%| F|  |TAMS 0x0000000085500000| PB 0x0000000085500000| Untracked 
|  36|0x0000000085600000, 0x0000000085600000, 0x0000000085700000|  0%| F|  |TAMS 0x0000000085600000| PB 0x0000000085600000| Untracked 
|  37|0x0000000085700000, 0x0000000085700000, 0x0000000085800000|  0%| F|  |TAMS 0x0000000085700000| PB 0x0000000085700000| Untracked 
|  38|0x0000000085800000, 0x0000000085800000, 0x0000000085900000|  0%| F|  |TAMS 0x0000000085800000| PB 0x0000000085800000| Untracked 
|  39|0x0000000085900000, 0x0000000085900000, 0x0000000085a00000|  0%| F|  |TAMS 0x0000000085900000| PB 0x0000000085900000| Untracked 
|  40|0x0000000085a00000, 0x0000000085a00000, 0x0000000085b00000|  0%| F|  |TAMS 0x0000000085a00000| PB 0x0000000085a00000| Untracked 
|  41|0x0000000085b00000, 0x0000000085b00000, 0x0000000085c00000|  0%| F|  |TAMS 0x0000000085b00000| PB 0x0000000085b00000| Untracked 
|  42|0x0000000085c00000, 0x0000000085c00000, 0x0000000085d00000|  0%| F|  |TAMS 0x0000000085c00000| PB 0x0000000085c00000| Untracked 
|  43|0x0000000085d00000, 0x0000000085d00000, 0x0000000085e00000|  0%| F|  |TAMS 0x0000000085d00000| PB 0x0000000085d00000| Untracked 
|  44|0x0000000085e00000, 0x0000000085e00000, 0x0000000085f00000|  0%| F|  |TAMS 0x0000000085e00000| PB 0x0000000085e00000| Untracked 
|  45|0x0000000085f00000, 0x0000000085f00000, 0x0000000086000000|  0%| F|  |TAMS 0x0000000085f00000| PB 0x0000000085f00000| Untracked 
|  46|0x0000000086000000, 0x0000000086000000, 0x0000000086100000|  0%| F|  |TAMS 0x0000000086000000| PB 0x0000000086000000| Untracked 
|  47|0x0000000086100000, 0x0000000086100000, 0x0000000086200000|  0%| F|  |TAMS 0x0000000086100000| PB 0x0000000086100000| Untracked 
|  48|0x0000000086200000, 0x0000000086200000, 0x0000000086300000|  0%| F|  |TAMS 0x0000000086200000| PB 0x0000000086200000| Untracked 
|  49|0x0000000086300000, 0x0000000086300000, 0x0000000086400000|  0%| F|  |TAMS 0x0000000086300000| PB 0x0000000086300000| Untracked 
|  50|0x0000000086400000, 0x0000000086400000, 0x0000000086500000|  0%| F|  |TAMS 0x0000000086400000| PB 0x0000000086400000| Untracked 
|  51|0x0000000086500000, 0x0000000086500000, 0x0000000086600000|  0%| F|  |TAMS 0x0000000086500000| PB 0x0000000086500000| Untracked 
|  52|0x0000000086600000, 0x0000000086600000, 0x0000000086700000|  0%| F|  |TAMS 0x0000000086600000| PB 0x0000000086600000| Untracked 
|  53|0x0000000086700000, 0x0000000086700000, 0x0000000086800000|  0%| F|  |TAMS 0x0000000086700000| PB 0x0000000086700000| Untracked 
|  54|0x0000000086800000, 0x0000000086800000, 0x0000000086900000|  0%| F|  |TAMS 0x0000000086800000| PB 0x0000000086800000| Untracked 
|  55|0x0000000086900000, 0x0000000086900000, 0x0000000086a00000|  0%| F|  |TAMS 0x0000000086900000| PB 0x0000000086900000| Untracked 
|  56|0x0000000086a00000, 0x0000000086a00000, 0x0000000086b00000|  0%| F|  |TAMS 0x0000000086a00000| PB 0x0000000086a00000| Untracked 
|  57|0x0000000086b00000, 0x0000000086b00000, 0x0000000086c00000|  0%| F|  |TAMS 0x0000000086b00000| PB 0x0000000086b00000| Untracked 
|  58|0x0000000086c00000, 0x0000000086c00000, 0x0000000086d00000|  0%| F|  |TAMS 0x0000000086c00000| PB 0x0000000086c00000| Untracked 
|  59|0x0000000086d00000, 0x0000000086d00000, 0x0000000086e00000|  0%| F|  |TAMS 0x0000000086d00000| PB 0x0000000086d00000| Untracked 
|  60|0x0000000086e00000, 0x0000000086e00000, 0x0000000086f00000|  0%| F|  |TAMS 0x0000000086e00000| PB 0x0000000086e00000| Untracked 
|  61|0x0000000086f00000, 0x0000000086f00000, 0x0000000087000000|  0%| F|  |TAMS 0x0000000086f00000| PB 0x0000000086f00000| Untracked 
|  62|0x0000000087000000, 0x0000000087000000, 0x0000000087100000|  0%| F|  |TAMS 0x0000000087000000| PB 0x0000000087000000| Untracked 
|  63|0x0000000087100000, 0x0000000087100000, 0x0000000087200000|  0%| F|  |TAMS 0x0000000087100000| PB 0x0000000087100000| Untracked 
|  64|0x0000000087200000, 0x0000000087200000, 0x0000000087300000|  0%| F|  |TAMS 0x0000000087200000| PB 0x0000000087200000| Untracked 
|  65|0x0000000087300000, 0x0000000087300000, 0x0000000087400000|  0%| F|  |TAMS 0x0000000087300000| PB 0x0000000087300000| Untracked 
|  66|0x0000000087400000, 0x0000000087400000, 0x0000000087500000|  0%| F|  |TAMS 0x0000000087400000| PB 0x0000000087400000| Untracked 
|  67|0x0000000087500000, 0x0000000087500000, 0x0000000087600000|  0%| F|  |TAMS 0x0000000087500000| PB 0x0000000087500000| Untracked 
|  68|0x0000000087600000, 0x0000000087600000, 0x0000000087700000|  0%| F|  |TAMS 0x0000000087600000| PB 0x0000000087600000| Untracked 
|  69|0x0000000087700000, 0x0000000087700000, 0x0000000087800000|  0%| F|  |TAMS 0x0000000087700000| PB 0x0000000087700000| Untracked 
|  70|0x0000000087800000, 0x0000000087800000, 0x0000000087900000|  0%| F|  |TAMS 0x0000000087800000| PB 0x0000000087800000| Untracked 
|  71|0x0000000087900000, 0x0000000087900000, 0x0000000087a00000|  0%| F|  |TAMS 0x0000000087900000| PB 0x0000000087900000| Untracked 
|  72|0x0000000087a00000, 0x0000000087a00000, 0x0000000087b00000|  0%| F|  |TAMS 0x0000000087a00000| PB 0x0000000087a00000| Untracked 
|  73|0x0000000087b00000, 0x0000000087b00000, 0x0000000087c00000|  0%| F|  |TAMS 0x0000000087b00000| PB 0x0000000087b00000| Untracked 
|  74|0x0000000087c00000, 0x0000000087c00000, 0x0000000087d00000|  0%| F|  |TAMS 0x0000000087c00000| PB 0x0000000087c00000| Untracked 
|  75|0x0000000087d00000, 0x0000000087d00000, 0x0000000087e00000|  0%| F|  |TAMS 0x0000000087d00000| PB 0x0000000087d00000| Untracked 
|  76|0x0000000087e00000, 0x0000000087e00000, 0x0000000087f00000|  0%| F|  |TAMS 0x0000000087e00000| PB 0x0000000087e00000| Untracked 
|  77|0x0000000087f00000, 0x0000000087f00000, 0x0000000088000000|  0%| F|  |TAMS 0x0000000087f00000| PB 0x0000000087f00000| Untracked 
|  78|0x0000000088000000, 0x0000000088000000, 0x0000000088100000|  0%| F|  |TAMS 0x0000000088000000| PB 0x0000000088000000| Untracked 
|  79|0x0000000088100000, 0x0000000088100000, 0x0000000088200000|  0%| F|  |TAMS 0x0000000088100000| PB 0x0000000088100000| Untracked 
|  80|0x0000000088200000, 0x0000000088200000, 0x0000000088300000|  0%| F|  |TAMS 0x0000000088200000| PB 0x0000000088200000| Untracked 
|  81|0x0000000088300000, 0x0000000088300000, 0x0000000088400000|  0%| F|  |TAMS 0x0000000088300000| PB 0x0000000088300000| Untracked 
|  82|0x0000000088400000, 0x0000000088400000, 0x0000000088500000|  0%| F|  |TAMS 0x0000000088400000| PB 0x0000000088400000| Untracked 
|  83|0x0000000088500000, 0x0000000088500000, 0x0000000088600000|  0%| F|  |TAMS 0x0000000088500000| PB 0x0000000088500000| Untracked 
|  84|0x0000000088600000, 0x0000000088600000, 0x0000000088700000|  0%| F|  |TAMS 0x0000000088600000| PB 0x0000000088600000| Untracked 
|  85|0x0000000088700000, 0x0000000088700000, 0x0000000088800000|  0%| F|  |TAMS 0x0000000088700000| PB 0x0000000088700000| Untracked 
|  86|0x0000000088800000, 0x0000000088800000, 0x0000000088900000|  0%| F|  |TAMS 0x0000000088800000| PB 0x0000000088800000| Untracked 
|  87|0x0000000088900000, 0x0000000088900000, 0x0000000088a00000|  0%| F|  |TAMS 0x0000000088900000| PB 0x0000000088900000| Untracked 
|  88|0x0000000088a00000, 0x0000000088a00000, 0x0000000088b00000|  0%| F|  |TAMS 0x0000000088a00000| PB 0x0000000088a00000| Untracked 
|  89|0x0000000088b00000, 0x0000000088b00000, 0x0000000088c00000|  0%| F|  |TAMS 0x0000000088b00000| PB 0x0000000088b00000| Untracked 
|  90|0x0000000088c00000, 0x0000000088c00000, 0x0000000088d00000|  0%| F|  |TAMS 0x0000000088c00000| PB 0x0000000088c00000| Untracked 
|  91|0x0000000088d00000, 0x0000000088d00000, 0x0000000088e00000|  0%| F|  |TAMS 0x0000000088d00000| PB 0x0000000088d00000| Untracked 
|  92|0x0000000088e00000, 0x0000000088e00000, 0x0000000088f00000|  0%| F|  |TAMS 0x0000000088e00000| PB 0x0000000088e00000| Untracked 
|  93|0x0000000088f00000, 0x0000000088f00000, 0x0000000089000000|  0%| F|  |TAMS 0x0000000088f00000| PB 0x0000000088f00000| Untracked 
|  94|0x0000000089000000, 0x0000000089000000, 0x0000000089100000|  0%| F|  |TAMS 0x0000000089000000| PB 0x0000000089000000| Untracked 
|  95|0x0000000089100000, 0x0000000089100000, 0x0000000089200000|  0%| F|  |TAMS 0x0000000089100000| PB 0x0000000089100000| Untracked 
|  96|0x0000000089200000, 0x0000000089200000, 0x0000000089300000|  0%| F|  |TAMS 0x0000000089200000| PB 0x0000000089200000| Untracked 
|  97|0x0000000089300000, 0x0000000089300000, 0x0000000089400000|  0%| F|  |TAMS 0x0000000089300000| PB 0x0000000089300000| Untracked 
|  98|0x0000000089400000, 0x0000000089400000, 0x0000000089500000|  0%| F|  |TAMS 0x0000000089400000| PB 0x0000000089400000| Untracked 
|  99|0x0000000089500000, 0x0000000089500000, 0x0000000089600000|  0%| F|  |TAMS 0x0000000089500000| PB 0x0000000089500000| Untracked 
| 100|0x0000000089600000, 0x0000000089600000, 0x0000000089700000|  0%| F|  |TAMS 0x0000000089600000| PB 0x0000000089600000| Untracked 
| 101|0x0000000089700000, 0x0000000089700000, 0x0000000089800000|  0%| F|  |TAMS 0x0000000089700000| PB 0x0000000089700000| Untracked 
| 102|0x0000000089800000, 0x0000000089800000, 0x0000000089900000|  0%| F|  |TAMS 0x0000000089800000| PB 0x0000000089800000| Untracked 
| 103|0x0000000089900000, 0x0000000089900000, 0x0000000089a00000|  0%| F|  |TAMS 0x0000000089900000| PB 0x0000000089900000| Untracked 
| 104|0x0000000089a00000, 0x0000000089a00000, 0x0000000089b00000|  0%| F|  |TAMS 0x0000000089a00000| PB 0x0000000089a00000| Untracked 
| 105|0x0000000089b00000, 0x0000000089b00000, 0x0000000089c00000|  0%| F|  |TAMS 0x0000000089b00000| PB 0x0000000089b00000| Untracked 
| 106|0x0000000089c00000, 0x0000000089c00000, 0x0000000089d00000|  0%| F|  |TAMS 0x0000000089c00000| PB 0x0000000089c00000| Untracked 
| 107|0x0000000089d00000, 0x0000000089d00000, 0x0000000089e00000|  0%| F|  |TAMS 0x0000000089d00000| PB 0x0000000089d00000| Untracked 
| 108|0x0000000089e00000, 0x0000000089e00000, 0x0000000089f00000|  0%| F|  |TAMS 0x0000000089e00000| PB 0x0000000089e00000| Untracked 
| 109|0x0000000089f00000, 0x0000000089f00000, 0x000000008a000000|  0%| F|  |TAMS 0x0000000089f00000| PB 0x0000000089f00000| Untracked 
| 110|0x000000008a000000, 0x000000008a000000, 0x000000008a100000|  0%| F|  |TAMS 0x000000008a000000| PB 0x000000008a000000| Untracked 
| 111|0x000000008a100000, 0x000000008a100000, 0x000000008a200000|  0%| F|  |TAMS 0x000000008a100000| PB 0x000000008a100000| Untracked 
| 112|0x000000008a200000, 0x000000008a200000, 0x000000008a300000|  0%| F|  |TAMS 0x000000008a200000| PB 0x000000008a200000| Untracked 
| 113|0x000000008a300000, 0x000000008a300000, 0x000000008a400000|  0%| F|  |TAMS 0x000000008a300000| PB 0x000000008a300000| Untracked 
| 114|0x000000008a400000, 0x000000008a400000, 0x000000008a500000|  0%| F|  |TAMS 0x000000008a400000| PB 0x000000008a400000| Untracked 
| 115|0x000000008a500000, 0x000000008a500000, 0x000000008a600000|  0%| F|  |TAMS 0x000000008a500000| PB 0x000000008a500000| Untracked 
| 116|0x000000008a600000, 0x000000008a600000, 0x000000008a700000|  0%| F|  |TAMS 0x000000008a600000| PB 0x000000008a600000| Untracked 
| 117|0x000000008a700000, 0x000000008a700000, 0x000000008a800000|  0%| F|  |TAMS 0x000000008a700000| PB 0x000000008a700000| Untracked 
| 118|0x000000008a800000, 0x000000008a800000, 0x000000008a900000|  0%| F|  |TAMS 0x000000008a800000| PB 0x000000008a800000| Untracked 
| 119|0x000000008a900000, 0x000000008a900000, 0x000000008aa00000|  0%| F|  |TAMS 0x000000008a900000| PB 0x000000008a900000| Untracked 
| 120|0x000000008aa00000, 0x000000008aa00000, 0x000000008ab00000|  0%| F|  |TAMS 0x000000008aa00000| PB 0x000000008aa00000| Untracked 
| 121|0x000000008ab00000, 0x000000008abeb908, 0x000000008ac00000| 92%| E|  |TAMS 0x000000008ab00000| PB 0x000000008ab00000| Complete 
| 122|0x000000008ac00000, 0x000000008ad00000, 0x000000008ad00000|100%| E|CS|TAMS 0x000000008ac00000| PB 0x000000008ac00000| Complete 
| 123|0x000000008ad00000, 0x000000008ae00000, 0x000000008ae00000|100%| E|CS|TAMS 0x000000008ad00000| PB 0x000000008ad00000| Complete 
| 124|0x000000008ae00000, 0x000000008af00000, 0x000000008af00000|100%| E|CS|TAMS 0x000000008ae00000| PB 0x000000008ae00000| Complete 
| 125|0x000000008af00000, 0x000000008b000000, 0x000000008b000000|100%| E|CS|TAMS 0x000000008af00000| PB 0x000000008af00000| Complete 

Card table byte_map: [0x000001c5ffb10000,0x000001c5fff00000] _byte_map_base: 0x000001c5ff6f7000

Marking Bits: (CMBitMap*) 0x000001c5ff37f6d0
 Bits: [0x000001c592ed0000, 0x000001c594e08000)

Polling page: 0x000001c5fd150000

Metaspace:

Usage:
  Non-class:      9.72 MB used.
      Class:    928.96 KB used.
       Both:     10.62 MB used.

Virtual space:
  Non-class space:       64.00 MB reserved,       9.75 MB ( 15%) committed,  1 nodes.
      Class space:        1.00 GB reserved,       1.00 MB ( <1%) committed,  1 nodes.
             Both:        1.06 GB reserved,      10.75 MB ( <1%) committed. 

Chunk freelists:
   Non-Class:  5.96 MB
       Class:  15.04 MB
        Both:  21.00 MB

MaxMetaspaceSize: unlimited
CompressedClassSpaceSize: 1.00 GB
Initial GC threshold: 21.00 MB
Current GC threshold: 21.00 MB
CDS: off
 - commit_granule_bytes: 65536.
 - commit_granule_words: 8192.
 - virtual_space_node_default_size: 8388608.
 - enlarge_chunks_in_place: 1.
 - use_allocation_guard: 0.


Internal statistics:

num_allocs_failed_limit: 0.
num_arena_births: 18.
num_arena_deaths: 0.
num_vsnodes_births: 2.
num_vsnodes_deaths: 0.
num_space_committed: 172.
num_space_uncommitted: 0.
num_chunks_returned_to_freelist: 0.
num_chunks_taken_from_freelist: 50.
num_chunk_merges: 0.
num_chunk_splits: 23.
num_chunks_enlarged: 16.
num_inconsistent_stats: 0.

CodeHeap 'non-profiled nmethods': size=120000Kb used=130Kb max_used=130Kb free=119869Kb
 bounds [0x000001c58b9a0000, 0x000001c58bc10000, 0x000001c592ed0000]
CodeHeap 'profiled nmethods': size=120000Kb used=585Kb max_used=585Kb free=119414Kb
 bounds [0x000001c583ed0000, 0x000001c584140000, 0x000001c58b400000]
CodeHeap 'non-nmethods': size=5760Kb used=1345Kb max_used=1358Kb free=4414Kb
 bounds [0x000001c58b400000, 0x000001c58b670000, 0x000001c58b9a0000]
 total_blobs=881 nmethods=428 adapters=358
 compilation: enabled
              stopped_count=0, restarted_count=0
 full_count=0

Compilation events (20 events):
Event: 7.963 Thread 0x000001c597a540d0 nmethod 427 0x000001c58b9c0790 code [0x000001c58b9c0920, 0x000001c58b9c09b0]
Event: 7.964 Thread 0x000001c597a3ca10 nmethod 417 0x000001c583f57610 code [0x000001c583f57e40, 0x000001c583f5c6f8]
Event: 7.964 Thread 0x000001c597a3ca10  424       3       sun.security.provider.DigestBase::engineUpdate (176 bytes)
Event: 7.966 Thread 0x000001c597a3ca10 nmethod 424 0x000001c583f5e290 code [0x000001c583f5e500, 0x000001c583f5f0e8]
Event: 7.966 Thread 0x000001c597a3ca10  419       3       jdk.internal.misc.VM::isBooted (13 bytes)
Event: 7.966 Thread 0x000001c597a3ca10 nmethod 419 0x000001c583f5f490 code [0x000001c583f5f620, 0x000001c583f5f770]
Event: 7.966 Thread 0x000001c597a3ca10  420       3       java.lang.StringCoding::hasNegatives (16 bytes)
Event: 7.967 Thread 0x000001c597a3ca10 nmethod 420 0x000001c583f5f810 code [0x000001c583f5f9c0, 0x000001c583f5fc68]
Event: 7.967 Thread 0x000001c597a3ca10  421   !   3       jdk.internal.misc.Blocker::begin (97 bytes)
Event: 7.968 Thread 0x000001c597a3ca10 nmethod 421 0x000001c583f5fd90 code [0x000001c583f5ffc0, 0x000001c583f60838]
Event: 7.968 Thread 0x000001c597a3ca10  422       3       jdk.internal.misc.Blocker::end (71 bytes)
Event: 7.968 Thread 0x000001c597a3ca10 nmethod 422 0x000001c583f60a90 code [0x000001c583f60c80, 0x000001c583f61118]
Event: 7.968 Thread 0x000001c597a3ca10  425       3       jdk.internal.misc.Blocker::currentCarrierThread (9 bytes)
Event: 7.969 Thread 0x000001c597a3ca10 nmethod 425 0x000001c583f61290 code [0x000001c583f61440, 0x000001c583f615a8]
Event: 7.969 Thread 0x000001c597a3ca10  423       3       java.lang.String::substring (10 bytes)
Event: 7.969 Thread 0x000001c597a3ca10 nmethod 423 0x000001c583f61690 code [0x000001c583f61860, 0x000001c583f61a98]
Event: 7.969 Thread 0x000001c597a3ca10  418       3       sun.nio.fs.WindowsPathParser::isLetter (30 bytes)
Event: 7.969 Thread 0x000001c597a3ca10 nmethod 418 0x000001c583f61b90 code [0x000001c583f61d40, 0x000001c583f61f10]
Event: 7.970 Thread 0x000001c597a3ca10  428       3       sun.nio.fs.WindowsDirectoryStream$WindowsDirectoryIterator::isSelfOrParent (24 bytes)
Event: 7.970 Thread 0x000001c597a3ca10 nmethod 428 0x000001c583f61f90 code [0x000001c583f62160, 0x000001c583f62368]

GC Heap History (0 events):
No events

Dll operation events (2 events):
Event: 0.037 Loaded shared library C:\Program Files\JetBrains\IntelliJ IDEA Community Edition 2024.3.5\jbr\bin\java.dll
Event: 2.150 Loaded shared library C:\Program Files\JetBrains\IntelliJ IDEA Community Edition 2024.3.5\jbr\bin\zip.dll

Deoptimization events (4 events):
Event: 6.107 Thread 0x000001c5fcea5930 Uncommon trap: trap_request=0xffffff45 fr.pc=0x000001c58b9b449c relative=0x000000000000007c
Event: 6.107 Thread 0x000001c5fcea5930 Uncommon trap: reason=unstable_if action=reinterpret pc=0x000001c58b9b449c method=java.lang.CharacterDataLatin1.toLowerCase(I)I @ 16 c2
Event: 6.107 Thread 0x000001c5fcea5930 DEOPT PACKING pc=0x000001c58b9b449c sp=0x000000431fdfad00
Event: 6.107 Thread 0x000001c5fcea5930 DEOPT UNPACKING pc=0x000001c58b4546a2 sp=0x000000431fdfac90 mode 2

Classes loaded (20 events):
Event: 7.919 Loading class java/net/Inet4AddressImpl
Event: 7.919 Loading class java/net/Inet4AddressImpl done
Event: 7.919 Loading class java/net/spi/InetAddressResolver$LookupPolicy
Event: 7.919 Loading class java/net/spi/InetAddressResolver$LookupPolicy done
Event: 7.919 Loading class java/net/InetAddress$PlatformResolver
Event: 7.919 Loading class java/net/spi/InetAddressResolver
Event: 7.919 Loading class java/net/spi/InetAddressResolver done
Event: 7.919 Loading class java/net/InetAddress$PlatformResolver done
Event: 7.919 Loading class java/net/Inet4Address
Event: 7.920 Loading class java/net/Inet4Address done
Event: 7.920 Loading class java/net/Inet6Address
Event: 7.920 Loading class java/net/Inet6Address done
Event: 7.921 Loading class java/net/Inet6Address$Inet6AddressHolder
Event: 7.921 Loading class java/net/Inet6Address$Inet6AddressHolder done
Event: 7.921 Loading class java/net/DefaultInterface
Event: 7.921 Loading class java/net/DefaultInterface done
Event: 7.933 Loading class java/net/NetworkInterface$1
Event: 7.933 Loading class java/net/NetworkInterface$1 done
Event: 7.934 Loading class java/nio/file/Files$AcceptAllFilter
Event: 7.935 Loading class java/nio/file/Files$AcceptAllFilter done

Classes unloaded (0 events):
No events

Classes redefined (0 events):
No events

Internal exceptions (2 events):
Event: 6.106 Thread 0x000001c5fcea5930 Exception <a 'sun/nio/fs/WindowsException'{0x000000008ac800d8}> (0x000000008ac800d8) 
thrown [s\src\hotspot\share\prims\jni.cpp, line 535]
Event: 7.238 Thread 0x000001c5fcea5930 Exception <a 'java/lang/NoSuchMethodError'{0x000000008ab5dcc0}: 'java.lang.Object java.lang.invoke.DirectMethodHandle$Holder.invokeStaticInit(java.lang.Object, int, int, int, int)'> (0x000000008ab5dcc0) 
thrown [s\src\hotspot\share\interpreter\linkResolver.cpp, line 784]

ZGC Phase Switch (0 events):
No events

VM Operations (13 events):
Event: 4.705 Executing VM operation: HandshakeAllThreads (Deoptimize)
Event: 4.705 Executing VM operation: HandshakeAllThreads (Deoptimize) done
Event: 4.705 Executing VM operation: Cleanup
Event: 4.705 Executing VM operation: Cleanup done
Event: 4.746 Executing VM operation: HandshakeAllThreads (Deoptimize)
Event: 4.746 Executing VM operation: HandshakeAllThreads (Deoptimize) done
Event: 5.754 Executing VM operation: Cleanup
Event: 5.831 Executing VM operation: Cleanup done
Event: 6.837 Executing VM operation: Cleanup
Event: 7.167 Executing VM operation: Cleanup done
Event: 7.914 Executing VM operation: HandshakeAllThreads (Deoptimize)
Event: 7.915 Executing VM operation: HandshakeAllThreads (Deoptimize) done
Event: 8.918 Executing VM operation: Cleanup

Memory protections (0 events):
No events

Nmethod flushes (0 events):
No events

Events (16 events):
Event: 2.098 Thread 0x000001c5fcea5930 Thread added: 0x000001c5fcea5930
Event: 3.425 Thread 0x000001c5fcea5930 Thread added: 0x000001c5979fa0a0
Event: 3.425 Thread 0x000001c5fcea5930 Thread added: 0x000001c5979fb660
Event: 3.430 Thread 0x000001c5fcea5930 Thread added: 0x000001c597a4d940
Event: 3.430 Thread 0x000001c5fcea5930 Thread added: 0x000001c597a4e770
Event: 3.431 Thread 0x000001c5fcea5930 Thread added: 0x000001c597a4f1c0
Event: 3.431 Thread 0x000001c5fcea5930 Thread added: 0x000001c597a53740
Event: 3.431 Thread 0x000001c5fcea5930 Thread added: 0x000001c597a540d0
Event: 3.431 Thread 0x000001c5fcea5930 Thread added: 0x000001c597a3ca10
Event: 4.594 Thread 0x000001c5fcea5930 Thread added: 0x000001c597bf4370
Event: 4.618 Thread 0x000001c5fcea5930 Thread added: 0x000001c597bf53b0
Event: 4.648 Loaded shared library C:\Program Files\JetBrains\IntelliJ IDEA Community Edition 2024.3.5\jbr\bin\net.dll
Event: 4.656 Loaded shared library C:\Program Files\JetBrains\IntelliJ IDEA Community Edition 2024.3.5\jbr\bin\nio.dll
Event: 4.684 Loaded shared library C:\Program Files\JetBrains\IntelliJ IDEA Community Edition 2024.3.5\jbr\bin\zip.dll
Event: 6.008 Loaded shared library C:\Program Files\JetBrains\IntelliJ IDEA Community Edition 2024.3.5\jbr\bin\jimage.dll
Event: 6.037 Loaded shared library C:\Program Files\JetBrains\IntelliJ IDEA Community Edition 2024.3.5\jbr\bin\sunmscapi.dll


Dynamic libraries:
0x00007ff7813b0000 - 0x00007ff7813ba000 	C:\Program Files\JetBrains\IntelliJ IDEA Community Edition 2024.3.5\jbr\bin\java.exe
0x00007ffd701c0000 - 0x00007ffd70420000 	C:\WINDOWS\SYSTEM32\ntdll.dll
0x00007ffd6eef0000 - 0x00007ffd6efb7000 	C:\WINDOWS\System32\KERNEL32.DLL
0x00007ffd6d7c0000 - 0x00007ffd6db8b000 	C:\WINDOWS\System32\KERNELBASE.dll
0x00007ffd6de70000 - 0x00007ffd6dfbb000 	C:\WINDOWS\System32\ucrtbase.dll
0x00007ffd614a0000 - 0x00007ffd614bb000 	C:\Program Files\JetBrains\IntelliJ IDEA Community Edition 2024.3.5\jbr\bin\VCRUNTIME140.dll
0x00007ffd55ba0000 - 0x00007ffd55bb8000 	C:\Program Files\JetBrains\IntelliJ IDEA Community Edition 2024.3.5\jbr\bin\jli.dll
0x00007ffd6efc0000 - 0x00007ffd6f18c000 	C:\WINDOWS\System32\USER32.dll
0x00007ffd57310000 - 0x00007ffd575a7000 	C:\WINDOWS\WinSxS\amd64_microsoft.windows.common-controls_6595b64144ccf1df_6.0.26100.3624_none_3e086962e3345f24\COMCTL32.dll
0x00007ffd6db90000 - 0x00007ffd6dbb7000 	C:\WINDOWS\System32\win32u.dll
0x00007ffd6fd80000 - 0x00007ffd6fdaa000 	C:\WINDOWS\System32\GDI32.dll
0x00007ffd700c0000 - 0x00007ffd70169000 	C:\WINDOWS\System32\msvcrt.dll
0x00007ffd6d3a0000 - 0x00007ffd6d4d1000 	C:\WINDOWS\System32\gdi32full.dll
0x00007ffd6dbc0000 - 0x00007ffd6dc63000 	C:\WINDOWS\System32\msvcp_win.dll
0x00007ffd6f1a0000 - 0x00007ffd6f1cf000 	C:\WINDOWS\System32\IMM32.DLL
0x00007ffd61a80000 - 0x00007ffd61a8c000 	C:\Program Files\JetBrains\IntelliJ IDEA Community Edition 2024.3.5\jbr\bin\vcruntime140_1.dll
0x00007ffd387e0000 - 0x00007ffd3886d000 	C:\Program Files\JetBrains\IntelliJ IDEA Community Edition 2024.3.5\jbr\bin\msvcp140.dll
0x00007ffd279b0000 - 0x00007ffd28771000 	C:\Program Files\JetBrains\IntelliJ IDEA Community Edition 2024.3.5\jbr\bin\server\jvm.dll
0x00007ffd6ee20000 - 0x00007ffd6eed3000 	C:\WINDOWS\System32\ADVAPI32.dll
0x00007ffd6e980000 - 0x00007ffd6ea26000 	C:\WINDOWS\System32\sechost.dll
0x00007ffd6ec10000 - 0x00007ffd6ed26000 	C:\WINDOWS\System32\RPCRT4.dll
0x00007ffd6dfe0000 - 0x00007ffd6e054000 	C:\WINDOWS\System32\WS2_32.dll
0x00007ffd6c380000 - 0x00007ffd6c3de000 	C:\WINDOWS\SYSTEM32\POWRPROF.dll
0x00007ffd5d170000 - 0x00007ffd5d1a6000 	C:\WINDOWS\SYSTEM32\WINMM.dll
0x00007ffd5f320000 - 0x00007ffd5f32b000 	C:\WINDOWS\SYSTEM32\VERSION.dll
0x00007ffd6c360000 - 0x00007ffd6c374000 	C:\WINDOWS\SYSTEM32\UMPDC.dll
0x00007ffd6c220000 - 0x00007ffd6c23a000 	C:\WINDOWS\SYSTEM32\kernel.appcore.dll
0x00007ffd61410000 - 0x00007ffd6141a000 	C:\Program Files\JetBrains\IntelliJ IDEA Community Edition 2024.3.5\jbr\bin\jimage.dll
0x00007ffd52bb0000 - 0x00007ffd52df1000 	C:\WINDOWS\SYSTEM32\DBGHELP.DLL
0x00007ffd6f9f0000 - 0x00007ffd6fd73000 	C:\WINDOWS\System32\combase.dll
0x00007ffd6f1e0000 - 0x00007ffd6f2b6000 	C:\WINDOWS\System32\OLEAUT32.dll
0x00007ffd52090000 - 0x00007ffd520c9000 	C:\WINDOWS\SYSTEM32\dbgcore.DLL
0x00007ffd6d5a0000 - 0x00007ffd6d639000 	C:\WINDOWS\System32\bcryptPrimitives.dll
0x00007ffd601b0000 - 0x00007ffd601d0000 	C:\Program Files\JetBrains\IntelliJ IDEA Community Edition 2024.3.5\jbr\bin\java.dll
0x00007ffd5c380000 - 0x00007ffd5c398000 	C:\Program Files\JetBrains\IntelliJ IDEA Community Edition 2024.3.5\jbr\bin\zip.dll
0x00007ffd6f2c0000 - 0x00007ffd6f9e9000 	C:\WINDOWS\System32\SHELL32.dll
0x00007ffd6dc70000 - 0x00007ffd6ddd8000 	C:\WINDOWS\System32\wintypes.dll
0x00007ffd6b060000 - 0x00007ffd6b8b2000 	C:\WINDOWS\SYSTEM32\windows.storage.dll
0x00007ffd6ed30000 - 0x00007ffd6ee1d000 	C:\WINDOWS\System32\SHCORE.dll
0x00007ffd6e910000 - 0x00007ffd6e974000 	C:\WINDOWS\System32\shlwapi.dll
0x00007ffd6d2b0000 - 0x00007ffd6d2df000 	C:\WINDOWS\SYSTEM32\profapi.dll
0x00007ffd60120000 - 0x00007ffd60130000 	C:\Program Files\JetBrains\IntelliJ IDEA Community Edition 2024.3.5\jbr\bin\net.dll
0x00007ffd61920000 - 0x00007ffd61a3d000 	C:\WINDOWS\SYSTEM32\WINHTTP.dll
0x00007ffd6c7f0000 - 0x00007ffd6c85a000 	C:\WINDOWS\system32\mswsock.dll
0x00007ffd5aec0000 - 0x00007ffd5aed6000 	C:\Program Files\JetBrains\IntelliJ IDEA Community Edition 2024.3.5\jbr\bin\nio.dll
0x00007ffd60300000 - 0x00007ffd6030e000 	C:\Program Files\JetBrains\IntelliJ IDEA Community Edition 2024.3.5\jbr\bin\sunmscapi.dll
0x00007ffd6d640000 - 0x00007ffd6d7b7000 	C:\WINDOWS\System32\CRYPT32.dll
0x00007ffd6cc90000 - 0x00007ffd6ccc0000 	C:\WINDOWS\SYSTEM32\ncrypt.dll
0x00007ffd6cc40000 - 0x00007ffd6cc7f000 	C:\WINDOWS\SYSTEM32\NTASN1.dll
0x00007ffd6ca90000 - 0x00007ffd6caac000 	C:\WINDOWS\SYSTEM32\CRYPTSP.dll
0x00007ffd6c180000 - 0x00007ffd6c1ba000 	C:\WINDOWS\system32\rsaenh.dll
0x00007ffd6c890000 - 0x00007ffd6c8bb000 	C:\WINDOWS\SYSTEM32\USERENV.dll
0x00007ffd6ccd0000 - 0x00007ffd6ccf6000 	C:\WINDOWS\SYSTEM32\bcrypt.dll
0x00007ffd6cab0000 - 0x00007ffd6cabc000 	C:\WINDOWS\SYSTEM32\CRYPTBASE.dll
0x00007ffd6bc90000 - 0x00007ffd6bcc3000 	C:\WINDOWS\SYSTEM32\IPHLPAPI.DLL
0x00007ffd6eee0000 - 0x00007ffd6eeea000 	C:\WINDOWS\System32\NSI.dll

dbghelp: loaded successfully - version: 4.0.5 - missing functions: none
symbol engine: initialized successfully - sym options: 0x614 - pdb path: .;C:\Program Files\JetBrains\IntelliJ IDEA Community Edition 2024.3.5\jbr\bin;C:\WINDOWS\SYSTEM32;C:\WINDOWS\WinSxS\amd64_microsoft.windows.common-controls_6595b64144ccf1df_6.0.26100.3624_none_3e086962e3345f24;C:\Program Files\JetBrains\IntelliJ IDEA Community Edition 2024.3.5\jbr\bin\server

VM Arguments:
java_command: git4idea.http.GitAskPassApp Username for 'https://github.com': 
java_class_path (initial): C:/Program Files/JetBrains/IntelliJ IDEA Community Edition 2024.3.5/plugins/vcs-git/lib/git4idea-rt.jar;C:/Program Files/JetBrains/IntelliJ IDEA Community Edition 2024.3.5/lib/externalProcess-rt.jar
Launcher Type: SUN_STANDARD

[Global flags]
     intx CICompilerCount                          = 4                                         {product} {ergonomic}
     uint ConcGCThreads                            = 2                                         {product} {ergonomic}
     uint G1ConcRefinementThreads                  = 8                                         {product} {ergonomic}
   size_t G1HeapRegionSize                         = 1048576                                   {product} {ergonomic}
    uintx GCDrainStackTargetSize                   = 64                                        {product} {ergonomic}
   size_t InitialHeapSize                          = 132120576                                 {product} {ergonomic}
   size_t MarkStackSize                            = 4194304                                   {product} {ergonomic}
   size_t MaxHeapSize                              = 2095054848                                {product} {ergonomic}
   size_t MaxNewSize                               = 1256194048                                {product} {ergonomic}
   size_t MinHeapDeltaBytes                        = 1048576                                   {product} {ergonomic}
   size_t MinHeapSize                              = 8388608                                   {product} {ergonomic}
    uintx NonNMethodCodeHeapSize                   = 5839372                                {pd product} {ergonomic}
    uintx NonProfiledCodeHeapSize                  = 122909434                              {pd product} {ergonomic}
    uintx ProfiledCodeHeapSize                     = 122909434                              {pd product} {ergonomic}
    uintx ReservedCodeCacheSize                    = 251658240                              {pd product} {ergonomic}
     bool SegmentedCodeCache                       = true                                      {product} {ergonomic}
   size_t SoftMaxHeapSize                          = 2095054848                             {manageable} {ergonomic}
     bool UseCompressedOops                        = true                           {product lp64_product} {ergonomic}
     bool UseG1GC                                  = true                                      {product} {ergonomic}
     bool UseLargePagesIndividualAllocation        = false                                  {pd product} {ergonomic}

Logging:
Log output configuration:
 #0: stdout all=warning uptime,level,tags foldmultilines=false
 #1: stderr all=off uptime,level,tags foldmultilines=false

Environment Variables:
JAVA_HOME=C:\Program Files\Java\jdk-19
CLASSPATH=D:\J2SE\classes\mysql-connector-java-8.0.27.jar;.;D:\apache-tomcat-9.0.89-windows-x64\apache-tomcat-9.0.89\lib\servlet-api.jar;
PATH=C:\Program Files\Git\mingw64\libexec\git-core;C:\Program Files\Git\mingw64\libexec\git-core;C:\Program Files\Git\mingw64\bin;C:\Program Files\Git\usr\bin;C:\Users\kayti\bin;C:\Users\kayti\AppData\Local\Programs\cursor\resources\app\bin;C:\Program Files\Common Files\Oracle\Java\javapath;C:\WINDOWS\system32;C:\WINDOWS;C:\WINDOWS\System32\Wbem;C:\WINDOWS\System32\WindowsPowerShell\v1.0;C:\WINDOWS\System32\OpenSSH;C:\Program Files\dotnet;C:\Program Files\Java\jdk-19\bin;C:\Program Files\Git\cmd;C:\Users\kayti\AppData\Local\Microsoft\WindowsApps;%SystemRoot%\system32;%SystemRoot%;%SystemRoot%\System32\Wbem;%SYSTEMROOT%\System32\WindowsPowerShell\v1.0;%SYSTEMROOT%\System32\OpenSSH;C:\Users\kayti\AppData\Local\Microsoft\WindowsApps;C:\Users\kayti\AppData\Local\Programs\Microsoft VS Code\bin;D:\IT\Windsurf\bin;C:\Users\kayti\AppData\Local\GitHubDesktop\bin
USERNAME=ASUS
DISPLAY=:0.0
LC_ALL=en_US.UTF-8
TERM=xterm-256color
TMPDIR=C:\Users\kayti\AppData\Local\Temp
OS=Windows_NT
PROCESSOR_IDENTIFIER=Intel64 Family 6 Model 142 Stepping 11, GenuineIntel
TMP=C:\Users\kayti\AppData\Local\Temp
TEMP=C:\Users\kayti\AppData\Local\Temp




Periodic native trim disabled

JNI global refs:
JNI global refs: 18, weak refs: 0

JNI global refs memory usage: 835, weak refs: 201

Process memory usage:
Resident Set Size: 50652K (0% of 8182512K total physical memory with 1336928K free physical memory)

OOME stack traces (most recent first):
Classloader memory used:
Loader bootstrap                                                                       : 10727K
Loader jdk.internal.loader.ClassLoaders$PlatformClassLoader                            : 133K
Loader jdk.internal.loader.ClassLoaders$AppClassLoader                                 : 16400B

---------------  S Y S T E M  ---------------

OS:
 Windows 11 , 64 bit Build 26100 (10.0.26100.3624)
OS uptime: 2 days 23:23 hours

CPU: total 8 (initial active 8) (4 cores per cpu, 2 threads per core) family 6 model 142 stepping 11 microcode 0xde, cx8, cmov, fxsr, ht, mmx, 3dnowpref, sse, sse2, sse3, ssse3, sse4.1, sse4.2, popcnt, lzcnt, tsc, tscinvbit, avx, avx2, aes, erms, clmul, bmi1, bmi2, adx, fma, vzeroupper, clflush, clflushopt, rdtscp, f16c
Processor Information for processor 0
  Max Mhz: 1992, Current Mhz: 1494, Mhz Limit: 1792
Processor Information for processor 1
  Max Mhz: 1992, Current Mhz: 1494, Mhz Limit: 1792
Processor Information for processor 2
  Max Mhz: 1992, Current Mhz: 1494, Mhz Limit: 1792
Processor Information for processor 3
  Max Mhz: 1992, Current Mhz: 1792, Mhz Limit: 1792
Processor Information for processor 4
  Max Mhz: 1992, Current Mhz: 1494, Mhz Limit: 1792
Processor Information for processor 5
  Max Mhz: 1992, Current Mhz: 1494, Mhz Limit: 1792
Processor Information for processor 6
  Max Mhz: 1992, Current Mhz: 1494, Mhz Limit: 1792
Processor Information for processor 7
  Max Mhz: 1992, Current Mhz: 1494, Mhz Limit: 1792

Memory: 4k page, system-wide physical 7990M (1305M free)
TotalPageFile size 10038M (AvailPageFile size 3M)
current process WorkingSet (physical memory assigned to process): 49M, peak: 50M
current process commit charge ("private bytes"): 208M, peak: 210M

vm_info: OpenJDK 64-Bit Server VM (21.0.6+8-b631.39) for windows-amd64 JRE (21.0.6+8-b631.39), built on 2025-02-04 by "builduser" with MS VC++ 16.10 / 16.11 (VS2019)

END.
